<?xml version="1.0" encoding="UTF-8"?>
<!-- Generated by org.testng.reporters.JUnitReportReporter -->
<testsuite hostname="DESKTOP-4SGPUQ6" failures="0" tests="1" name="testCases.TC_001_Registartion" time="13.223" errors="0" timestamp="2024-05-30T10:05:44 GMT-05:00" skipped="0">
  <testcase classname="testCases.TC_001_Registartion" name="CreateAccount" time="13.223"/>
</testsuite> <!-- testCases.TC_001_Registartion -->
